app/build/intermediates/manifest_merge_blame_file/release/manifest-merger-blame-release-report.txt
1<?xml version="1.0" encoding="utf-8"?>
2<manifest xmlns:android="http://schemas.android.com/apk/res/android"
3    package="com.ritara.svustudent"
4    android:versionCode="6"
5    android:versionName="1.5" >
6
7    <uses-sdk
8        android:minSdkVersion="19"
8-->src/main/AndroidManifest.xml
9        android:targetSdkVersion="29" />
9-->src/main/AndroidManifest.xml
10
11    <uses-permission android:name="android.permission.INTERNET" />
11-->src/main/AndroidManifest.xml:6:5-67
11-->src/main/AndroidManifest.xml:6:22-64
12    <uses-permission android:name="android.permission.ACCESS_NETWORK_STATE" />
12-->src/main/AndroidManifest.xml:7:5-79
12-->src/main/AndroidManifest.xml:7:22-76
13    <uses-permission android:name="android.permission.WRITE_EXTERNAL_STORAGE" />
14    <uses-permission android:name="android.permission.READ_PHONE_STATE" />
15    <uses-permission android:name="android.permission.READ_EXTERNAL_STORAGE" />
16
17    <application
17-->src/main/AndroidManifest.xml:9:5-41:19
18        android:allowBackup="true"
18-->src/main/AndroidManifest.xml:10:9-35
19        android:appComponentFactory="androidx.core.app.CoreComponentFactory"
19-->[androidx.core:core:1.1.0] AndroidManifest.xml:24:18-86
20        android:icon="@drawable/new_logo"
20-->src/main/AndroidManifest.xml:11:9-42
21        android:label="@string/app_name"
21-->src/main/AndroidManifest.xml:12:9-41
22        android:supportsRtl="true"
22-->src/main/AndroidManifest.xml:13:9-35
23        android:theme="@style/AppTheme"
23-->src/main/AndroidManifest.xml:14:9-40
24        android:usesCleartextTraffic="true" >
24-->src/main/AndroidManifest.xml:15:9-44
25        <activity android:name="com.ritara.svustudent.Payments" />
25-->src/main/AndroidManifest.xml:18:9-55
25-->src/main/AndroidManifest.xml:18:19-43
26        <activity android:name="com.ritara.svustudent.Password" />
26-->src/main/AndroidManifest.xml:19:9-46
26-->src/main/AndroidManifest.xml:19:19-43
27        <activity android:name="com.ritara.svustudent.Verify" />
27-->src/main/AndroidManifest.xml:20:9-44
27-->src/main/AndroidManifest.xml:20:19-41
28        <activity
28-->src/main/AndroidManifest.xml:21:9-24:59
29            android:name="com.ritara.svustudent.Dashboard"
29-->src/main/AndroidManifest.xml:22:13-38
30            android:label="Home"
30-->src/main/AndroidManifest.xml:23:13-33
31            android:theme="@style/AppTheme.NoActionBar" />
31-->src/main/AndroidManifest.xml:24:13-56
32        <activity
32-->src/main/AndroidManifest.xml:25:9-32:20
33            android:name="com.ritara.svustudent.SplashScreenActivity"
33-->src/main/AndroidManifest.xml:25:19-55
34            android:theme="@style/AppTheme.NoActionBar" >
34-->src/main/AndroidManifest.xml:26:13-56
35            <intent-filter>
35-->src/main/AndroidManifest.xml:27:13-31:29
36                <action android:name="android.intent.action.MAIN" />
36-->src/main/AndroidManifest.xml:28:17-69
36-->src/main/AndroidManifest.xml:28:25-66
37
38                <category android:name="android.intent.category.LAUNCHER" />
38-->src/main/AndroidManifest.xml:30:17-77
38-->src/main/AndroidManifest.xml:30:27-74
39            </intent-filter>
40        </activity>
41        <activity android:name="com.ritara.svustudent.MainActivity" />
41-->src/main/AndroidManifest.xml:33:9-50
41-->src/main/AndroidManifest.xml:33:19-47
42        <activity android:name="com.ritara.svustudent.Register" />
42-->src/main/AndroidManifest.xml:34:9-46
42-->src/main/AndroidManifest.xml:34:19-43
43        <activity android:name="com.ritara.svustudent.Login" />
43-->src/main/AndroidManifest.xml:35:9-43
43-->src/main/AndroidManifest.xml:35:19-40
44        <activity android:name="com.ritara.svustudent.AdmissionActivity" />
44-->src/main/AndroidManifest.xml:36:9-55
44-->src/main/AndroidManifest.xml:36:19-52
45
46        <meta-data
46-->src/main/AndroidManifest.xml:37:9-39:54
47            android:name="com.razorpay.ApiKey"
47-->src/main/AndroidManifest.xml:38:13-47
48            android:value="rzp_live_VjId2YgOWSpByn" />
48-->src/main/AndroidManifest.xml:39:13-52
49
50        <receiver android:name="com.razorpay.RzpTokenReceiver" >
50-->[com.razorpay:checkout:1.5.12] AndroidManifest.xml:12:9-16:20
50-->[com.razorpay:checkout:1.5.12] AndroidManifest.xml:12:19-63
51            <intent-filter>
51-->[com.razorpay:checkout:1.5.12] AndroidManifest.xml:13:13-15:29
52                <action android:name="rzp.device_token.share" />
52-->[com.razorpay:checkout:1.5.12] AndroidManifest.xml:14:17-65
52-->[com.razorpay:checkout:1.5.12] AndroidManifest.xml:14:25-62
53            </intent-filter>
54        </receiver>
55
56        <activity
56-->[com.razorpay:checkout:1.5.12] AndroidManifest.xml:18:9-29:20
57            android:name="com.razorpay.CheckoutActivity"
57-->[com.razorpay:checkout:1.5.12] AndroidManifest.xml:19:13-57
58            android:configChanges="keyboard|keyboardHidden|orientation|screenSize"
58-->[com.razorpay:checkout:1.5.12] AndroidManifest.xml:20:13-83
59            android:theme="@style/CheckoutTheme" >
59-->[com.razorpay:checkout:1.5.12] AndroidManifest.xml:21:13-49
60            <intent-filter>
60-->[com.razorpay:checkout:1.5.12] AndroidManifest.xml:22:13-28:29
61                <action android:name="android.intent.action.MAIN" />
61-->src/main/AndroidManifest.xml:28:17-69
61-->src/main/AndroidManifest.xml:28:25-66
62
63                <data
63-->[com.razorpay:checkout:1.5.12] AndroidManifest.xml:25:17-27:47
64                    android:host="rzp.io"
64-->[com.razorpay:checkout:1.5.12] AndroidManifest.xml:26:21-42
65                    android:scheme="io.rzp" />
65-->[com.razorpay:checkout:1.5.12] AndroidManifest.xml:27:21-44
66            </intent-filter>
67        </activity>
68
69        <provider
69-->[com.squareup.picasso:picasso:2.71828] AndroidManifest.xml:8:9-11:40
70            android:name="com.squareup.picasso.PicassoProvider"
70-->[com.squareup.picasso:picasso:2.71828] AndroidManifest.xml:9:13-64
71            android:authorities="com.ritara.svustudent.com.squareup.picasso"
71-->[com.squareup.picasso:picasso:2.71828] AndroidManifest.xml:10:13-72
72            android:exported="false" />
72-->[com.squareup.picasso:picasso:2.71828] AndroidManifest.xml:11:13-37
73        <provider
73-->[androidx.lifecycle:lifecycle-process:2.1.0] AndroidManifest.xml:23:9-27:43
74            android:name="androidx.lifecycle.ProcessLifecycleOwnerInitializer"
74-->[androidx.lifecycle:lifecycle-process:2.1.0] AndroidManifest.xml:24:13-79
75            android:authorities="com.ritara.svustudent.lifecycle-process"
75-->[androidx.lifecycle:lifecycle-process:2.1.0] AndroidManifest.xml:25:13-69
76            android:exported="false"
76-->[androidx.lifecycle:lifecycle-process:2.1.0] AndroidManifest.xml:26:13-37
77            android:multiprocess="true" />
77-->[androidx.lifecycle:lifecycle-process:2.1.0] AndroidManifest.xml:27:13-40
78    </application>
79
80</manifest>